<?xml version="1.0" encoding="UTF-8"?>
<testsuite name="exercise1.SalarioTest" tests="4" skipped="0" failures="0" errors="0" timestamp="2023-10-04T22:33:43" hostname="LAPTOP-V6TDORT5" time="0.072">
  <properties/>
  <testcase name="[1] 10000, 8500" classname="exercise1.SalarioTest" time="0.055"/>
  <testcase name="[2] 3000, 2850" classname="exercise1.SalarioTest" time="0.002"/>
  <testcase name="[3] 1750, 1750" classname="exercise1.SalarioTest" time="0.002"/>
  <testcase name="[4] -3000, -1" classname="exercise1.SalarioTest" time="0.006"/>
  <system-out><![CDATA[]]></system-out>
  <system-err><![CDATA[]]></system-err>
</testsuite>
